<?xml version="1.0" encoding="UTF-8"?>
<!-- Generated by org.testng.reporters.JUnitXMLReporter -->
<testsuite hostname="RSI1557" ignored="0" name="Test" tests="6" failures="0" timestamp="11 Feb 2020 12:20:38 GMT" time="249.469" errors="0">
  <testcase name="deveFazerCadastroDeNovoUsuario" time="33.461" classname="br.com.rsi_hub.appium.tdd.test.CadastroTest"/>
  <testcase name="deveFazerCadastroDeUsuarioJaCadastrado" time="31.834" classname="br.com.rsi_hub.appium.tdd.test.CadastroTest"/>
  <testcase name="deveBuscarProdutoPelaLupa" time="9.208" classname="br.com.rsi_hub.appium.tdd.test.BuscaLupaTest"/>
  <testcase name="deveBuscarProdutoPelaLupaQueNaoExiste" time="4.063" classname="br.com.rsi_hub.appium.tdd.test.BuscaLupaTest"/>
  <testcase name="deveBuscaProdutoTelaPrincipal" time="5.145" classname="br.com.rsi_hub.appium.tdd.test.TelaInicialTest"/>
  <testcase name="deveBuscarProdutoSemSaldo" time="5.889" classname="br.com.rsi_hub.appium.tdd.test.TelaInicialTest"/>
</testsuite> <!-- Test -->
