<?xml version="1.0" encoding="UTF-8"?>
<!-- Generated by org.testng.reporters.JUnitXMLReporter -->
<testsuite hostname="RSI1557" ignored="0" name="Default test" tests="2" failures="0" timestamp="12 Feb 2020 15:48:15 GMT" time="69.731" errors="0">
  <testcase name="deveBuscarProdutoPelaLupa" time="9.542" classname="br.com.rsi_hub.appium.tdd.test.BuscaLupaTest"/>
  <testcase name="deveBuscarProdutoPelaLupaQueNaoExiste" time="4.657" classname="br.com.rsi_hub.appium.tdd.test.BuscaLupaTest"/>
</testsuite> <!-- Default test -->
