<?xml version="1.0" encoding="UTF-8"?>
<!-- Generated by org.testng.reporters.JUnitXMLReporter -->
<testsuite hostname="RSI1557" ignored="1" name="Default test" tests="1" failures="0" timestamp="10 Feb 2020 18:08:22 GMT" time="61.253" errors="0">
  <testcase name="deveFazerCadastroDeUsuarioJaCadastrado" time="32.477" classname="br.com.rsi_hub.appium.test.CadastroTest"/>
  <testcase name="deveFazerCadastroDeNovoUsuario" time="0.0" classname="br.com.rsi_hub.appium.test.CadastroTest">
    <ignored/>
  </testcase> <!-- deveFazerCadastroDeNovoUsuario -->
</testsuite> <!-- Default test -->
