<?xml version="1.0" encoding="UTF-8"?>
<testng-results skipped="0" failed="0" ignored="0" total="1" passed="1">
  <reporter-output>
  </reporter-output>
  <suite name="Default suite" duration-ms="62775" started-at="2020-02-07T20:28:45Z" finished-at="2020-02-07T20:29:48Z">
    <groups>
    </groups>
    <test name="Default test" duration-ms="62775" started-at="2020-02-07T20:28:45Z" finished-at="2020-02-07T20:29:48Z">
      <class name="br.com.rsi_hub.appium.test.CadastroTest">
        <test-method status="PASS" signature="setUp()[pri:0, instance:br.com.rsi_hub.appium.test.CadastroTest@7085bdee]" name="setUp" is-config="true" duration-ms="26731" started-at="2020-02-07T20:28:45Z" finished-at="2020-02-07T20:29:12Z">
          <reporter-output>
          </reporter-output>
        </test-method> <!-- setUp -->
        <test-method status="PASS" signature="deveFazerCadastroDeNovoUsuario()[pri:0, instance:br.com.rsi_hub.appium.test.CadastroTest@7085bdee]" name="deveFazerCadastroDeNovoUsuario" duration-ms="34636" started-at="2020-02-07T20:29:12Z" finished-at="2020-02-07T20:29:47Z">
          <reporter-output>
          </reporter-output>
        </test-method> <!-- deveFazerCadastroDeNovoUsuario -->
        <test-method status="PASS" signature="fecharApp()[pri:0, instance:br.com.rsi_hub.appium.test.CadastroTest@7085bdee]" name="fecharApp" is-config="true" duration-ms="1379" started-at="2020-02-07T20:29:47Z" finished-at="2020-02-07T20:29:48Z">
          <reporter-output>
          </reporter-output>
        </test-method> <!-- fecharApp -->
      </class> <!-- br.com.rsi_hub.appium.test.CadastroTest -->
    </test> <!-- Default test -->
  </suite> <!-- Default suite -->
</testng-results>
