<?xml version="1.0" encoding="UTF-8"?>
<testng-results skipped="0" failed="0" ignored="1" total="2" passed="1">
  <reporter-output>
  </reporter-output>
  <suite name="Default suite" duration-ms="61253" started-at="2020-02-10T18:07:21Z" finished-at="2020-02-10T18:08:22Z">
    <groups>
    </groups>
    <test name="Default test" duration-ms="61253" started-at="2020-02-10T18:07:21Z" finished-at="2020-02-10T18:08:22Z">
      <class name="br.com.rsi_hub.appium.test.CadastroTest">
        <test-method status="PASS" signature="relatorio()[pri:0, instance:br.com.rsi_hub.appium.test.CadastroTest@5f2108b5]" name="relatorio" is-config="true" duration-ms="210" started-at="2020-02-10T18:07:21Z" finished-at="2020-02-10T18:07:21Z">
          <reporter-output>
          </reporter-output>
        </test-method> <!-- relatorio -->
        <test-method status="PASS" signature="setUp()[pri:0, instance:br.com.rsi_hub.appium.test.CadastroTest@5f2108b5]" name="setUp" is-config="true" duration-ms="26494" started-at="2020-02-10T18:07:21Z" finished-at="2020-02-10T18:07:48Z">
          <reporter-output>
          </reporter-output>
        </test-method> <!-- setUp -->
        <test-method status="PASS" signature="deveFazerCadastroDeUsuarioJaCadastrado()[pri:0, instance:br.com.rsi_hub.appium.test.CadastroTest@5f2108b5]" name="deveFazerCadastroDeUsuarioJaCadastrado" duration-ms="32477" started-at="2020-02-10T18:07:48Z" finished-at="2020-02-10T18:08:20Z">
          <reporter-output>
          </reporter-output>
        </test-method> <!-- deveFazerCadastroDeUsuarioJaCadastrado -->
        <test-method status="PASS" signature="fecharApp(org.testng.ITestResult)[pri:0, instance:br.com.rsi_hub.appium.test.CadastroTest@5f2108b5]" name="fecharApp" is-config="true" duration-ms="1982" started-at="2020-02-10T18:08:20Z" finished-at="2020-02-10T18:08:22Z">
          <params>
            <param index="0">
              <value>
                <![CDATA[[TestResult name=deveFazerCadastroDeUsuarioJaCadastrado status=SUCCESS method=CadastroTest.deveFazerCadastroDeUsuarioJaCadastrado()[pri:0, instance:br.com.rsi_hub.appium.test.CadastroTest@5f2108b5] output={null}]]]>
              </value>
            </param>
          </params>
          <reporter-output>
          </reporter-output>
        </test-method> <!-- fecharApp -->
        <test-method status="PASS" signature="finalizaRelatorio()[pri:0, instance:br.com.rsi_hub.appium.test.CadastroTest@5f2108b5]" name="finalizaRelatorio" is-config="true" duration-ms="58" started-at="2020-02-10T18:08:22Z" finished-at="2020-02-10T18:08:22Z">
          <reporter-output>
          </reporter-output>
        </test-method> <!-- finalizaRelatorio -->
      </class> <!-- br.com.rsi_hub.appium.test.CadastroTest -->
    </test> <!-- Default test -->
  </suite> <!-- Default suite -->
</testng-results>
